<?xml version="1.0" encoding="UTF-8"?>
<testng-results ignored="0" total="5" passed="3" failed="1" skipped="1">
  <reporter-output>
  </reporter-output>
  <suite started-at="2022-06-28T16:51:47 IST" name="Default suite" finished-at="2022-06-28T16:51:47 IST" duration-ms="65">
    <groups>
    </groups>
    <test started-at="2022-06-28T16:51:47 IST" name="Default test" finished-at="2022-06-28T16:51:47 IST" duration-ms="65">
      <class name="testPackage.TestClassWithTNGKeywords1">
        <test-method is-config="true" signature="beforeClass()[pri:0, instance:testPackage.TestClassWithTNGKeywords1@2b48a640]" started-at="2022-06-28T16:51:47 IST" name="beforeClass" finished-at="2022-06-28T16:51:47 IST" duration-ms="5" status="PASS">
          <reporter-output>
          </reporter-output>
        </test-method> <!-- beforeClass -->
        <test-method is-config="true" signature="beforeMethod()[pri:0, instance:testPackage.TestClassWithTNGKeywords1@2b48a640]" started-at="2022-06-28T16:51:47 IST" name="beforeMethod" finished-at="2022-06-28T16:51:47 IST" duration-ms="1" status="PASS">
          <reporter-output>
          </reporter-output>
        </test-method> <!-- beforeMethod -->
        <test-method signature="test3()[pri:1, instance:testPackage.TestClassWithTNGKeywords1@2b48a640]" started-at="2022-06-28T16:51:47 IST" name="test3" finished-at="2022-06-28T16:51:47 IST" duration-ms="5" status="FAIL">
          <exception class="java.lang.AssertionError">
            <message>
              <![CDATA[null]]>
            </message>
            <full-stacktrace>
              <![CDATA[java.lang.AssertionError: null
at org.testng.Assert.fail(Assert.java:99)
at org.testng.Assert.fail(Assert.java:106)
at testPackage.TestClassWithTNGKeywords1.test3(TestClassWithTNGKeywords1.java:34)
at java.base/jdk.internal.reflect.NativeMethodAccessorImpl.invoke0(Native Method)
at java.base/jdk.internal.reflect.NativeMethodAccessorImpl.invoke(NativeMethodAccessorImpl.java:78)
at java.base/jdk.internal.reflect.DelegatingMethodAccessorImpl.invoke(DelegatingMethodAccessorImpl.java:43)
at java.base/java.lang.reflect.Method.invoke(Method.java:567)
at org.testng.internal.MethodInvocationHelper.invokeMethod(MethodInvocationHelper.java:133)
at org.testng.internal.TestInvoker.invokeMethod(TestInvoker.java:598)
at org.testng.internal.TestInvoker.invokeTestMethod(TestInvoker.java:173)
at org.testng.internal.MethodRunner.runInSequence(MethodRunner.java:46)
at org.testng.internal.TestInvoker$MethodInvocationAgent.invoke(TestInvoker.java:824)
at org.testng.internal.TestInvoker.invokeTestMethods(TestInvoker.java:146)
at org.testng.internal.TestMethodWorker.invokeTestMethods(TestMethodWorker.java:146)
at org.testng.internal.TestMethodWorker.run(TestMethodWorker.java:128)
at java.base/java.util.ArrayList.forEach(ArrayList.java:1511)
at org.testng.TestRunner.privateRun(TestRunner.java:794)
at org.testng.TestRunner.run(TestRunner.java:596)
at org.testng.SuiteRunner.runTest(SuiteRunner.java:377)
at org.testng.SuiteRunner.runSequentially(SuiteRunner.java:371)
at org.testng.SuiteRunner.privateRun(SuiteRunner.java:332)
at org.testng.SuiteRunner.run(SuiteRunner.java:276)
at org.testng.SuiteRunnerWorker.runSuite(SuiteRunnerWorker.java:53)
at org.testng.SuiteRunnerWorker.run(SuiteRunnerWorker.java:96)
at org.testng.TestNG.runSuitesSequentially(TestNG.java:1212)
at org.testng.TestNG.runSuitesLocally(TestNG.java:1134)
at org.testng.TestNG.runSuites(TestNG.java:1063)
at org.testng.TestNG.run(TestNG.java:1031)
at org.testng.remote.AbstractRemoteTestNG.run(AbstractRemoteTestNG.java:115)
at org.testng.remote.RemoteTestNG.initAndRun(RemoteTestNG.java:251)
at org.testng.remote.RemoteTestNG.main(RemoteTestNG.java:77)
]]>
            </full-stacktrace>
          </exception> <!-- java.lang.AssertionError -->
          <reporter-output>
          </reporter-output>
        </test-method> <!-- test3 -->
        <test-method is-config="true" signature="afterMethod()[pri:0, instance:testPackage.TestClassWithTNGKeywords1@2b48a640]" started-at="2022-06-28T16:51:47 IST" name="afterMethod" finished-at="2022-06-28T16:51:47 IST" duration-ms="1" status="PASS">
          <reporter-output>
          </reporter-output>
        </test-method> <!-- afterMethod -->
        <test-method signature="test2()[pri:2, instance:testPackage.TestClassWithTNGKeywords1@2b48a640]" started-at="2022-06-28T16:51:47 IST" name="test2" finished-at="2022-06-28T16:51:47 IST" duration-ms="1" status="PASS">
          <reporter-output>
          </reporter-output>
        </test-method> <!-- test2 -->
        <test-method is-config="true" signature="beforeMethod()[pri:0, instance:testPackage.TestClassWithTNGKeywords1@2b48a640]" started-at="2022-06-28T16:51:47 IST" name="beforeMethod" finished-at="2022-06-28T16:51:47 IST" duration-ms="0" status="PASS">
          <reporter-output>
          </reporter-output>
        </test-method> <!-- beforeMethod -->
        <test-method is-config="true" signature="afterMethod()[pri:0, instance:testPackage.TestClassWithTNGKeywords1@2b48a640]" started-at="2022-06-28T16:51:47 IST" name="afterMethod" finished-at="2022-06-28T16:51:47 IST" duration-ms="0" status="PASS">
          <reporter-output>
          </reporter-output>
        </test-method> <!-- afterMethod -->
        <test-method is-config="true" signature="beforeMethod()[pri:0, instance:testPackage.TestClassWithTNGKeywords1@2b48a640]" started-at="2022-06-28T16:51:47 IST" name="beforeMethod" finished-at="2022-06-28T16:51:47 IST" duration-ms="0" status="PASS">
          <reporter-output>
          </reporter-output>
        </test-method> <!-- beforeMethod -->
        <test-method signature="test2()[pri:2, instance:testPackage.TestClassWithTNGKeywords1@2b48a640]" started-at="2022-06-28T16:51:47 IST" name="test2" finished-at="2022-06-28T16:51:47 IST" duration-ms="2" status="PASS">
          <reporter-output>
          </reporter-output>
        </test-method> <!-- test2 -->
        <test-method is-config="true" signature="afterMethod()[pri:0, instance:testPackage.TestClassWithTNGKeywords1@2b48a640]" started-at="2022-06-28T16:51:47 IST" name="afterMethod" finished-at="2022-06-28T16:51:47 IST" duration-ms="1" status="PASS">
          <reporter-output>
          </reporter-output>
        </test-method> <!-- afterMethod -->
        <test-method is-config="true" signature="beforeMethod()[pri:0, instance:testPackage.TestClassWithTNGKeywords1@2b48a640]" started-at="2022-06-28T16:51:47 IST" name="beforeMethod" finished-at="2022-06-28T16:51:47 IST" duration-ms="0" status="PASS">
          <reporter-output>
          </reporter-output>
        </test-method> <!-- beforeMethod -->
        <test-method signature="test2()[pri:2, instance:testPackage.TestClassWithTNGKeywords1@2b48a640]" started-at="2022-06-28T16:51:47 IST" name="test2" finished-at="2022-06-28T16:51:47 IST" duration-ms="2" status="PASS">
          <reporter-output>
          </reporter-output>
        </test-method> <!-- test2 -->
        <test-method is-config="true" signature="afterMethod()[pri:0, instance:testPackage.TestClassWithTNGKeywords1@2b48a640]" started-at="2022-06-28T16:51:47 IST" name="afterMethod" finished-at="2022-06-28T16:51:47 IST" duration-ms="0" status="PASS">
          <reporter-output>
          </reporter-output>
        </test-method> <!-- afterMethod -->
        <test-method signature="test1()[pri:0, instance:testPackage.TestClassWithTNGKeywords1@2b48a640]" started-at="2022-06-28T16:51:47 IST" name="test1" finished-at="2022-06-28T16:51:47 IST" depends-on-methods="testPackage.TestClassWithTNGKeywords1.test2, testPackage.TestClassWithTNGKeywords1.test3" duration-ms="0" status="SKIP">
          <exception class="java.lang.Throwable">
            <message>
              <![CDATA[Method TestClassWithTNGKeywords1.test1()[pri:0, instance:testPackage.TestClassWithTNGKeywords1@2b48a640] depends on not successfully finished methods]]>
            </message>
            <full-stacktrace>
              <![CDATA[java.lang.Throwable: Method TestClassWithTNGKeywords1.test1()[pri:0, instance:testPackage.TestClassWithTNGKeywords1@2b48a640] depends on not successfully finished methods
at org.testng.internal.TestInvoker.invokeTestMethods(TestInvoker.java:102)
at org.testng.internal.TestMethodWorker.invokeTestMethods(TestMethodWorker.java:146)
at org.testng.internal.TestMethodWorker.run(TestMethodWorker.java:128)
at java.base/java.util.ArrayList.forEach(ArrayList.java:1511)
at org.testng.TestRunner.privateRun(TestRunner.java:794)
at org.testng.TestRunner.run(TestRunner.java:596)
at org.testng.SuiteRunner.runTest(SuiteRunner.java:377)
at org.testng.SuiteRunner.runSequentially(SuiteRunner.java:371)
at org.testng.SuiteRunner.privateRun(SuiteRunner.java:332)
at org.testng.SuiteRunner.run(SuiteRunner.java:276)
at org.testng.SuiteRunnerWorker.runSuite(SuiteRunnerWorker.java:53)
at org.testng.SuiteRunnerWorker.run(SuiteRunnerWorker.java:96)
at org.testng.TestNG.runSuitesSequentially(TestNG.java:1212)
at org.testng.TestNG.runSuitesLocally(TestNG.java:1134)
at org.testng.TestNG.runSuites(TestNG.java:1063)
at org.testng.TestNG.run(TestNG.java:1031)
at org.testng.remote.AbstractRemoteTestNG.run(AbstractRemoteTestNG.java:115)
at org.testng.remote.RemoteTestNG.initAndRun(RemoteTestNG.java:251)
at org.testng.remote.RemoteTestNG.main(RemoteTestNG.java:77)
]]>
            </full-stacktrace>
          </exception> <!-- java.lang.Throwable -->
          <reporter-output>
          </reporter-output>
        </test-method> <!-- test1 -->
        <test-method is-config="true" signature="afterClass()[pri:0, instance:testPackage.TestClassWithTNGKeywords1@2b48a640]" started-at="2022-06-28T16:51:47 IST" name="afterClass" finished-at="2022-06-28T16:51:47 IST" duration-ms="1" status="PASS">
          <reporter-output>
          </reporter-output>
        </test-method> <!-- afterClass -->
      </class> <!-- testPackage.TestClassWithTNGKeywords1 -->
    </test> <!-- Default test -->
  </suite> <!-- Default suite -->
</testng-results>
